<?xml version="1.0" encoding="UTF-8"?>
<testsuite xmlns:xsi="http://www.w3.org/2001/XMLSchema-instance" xsi:noNamespaceSchemaLocation="https://maven.apache.org/surefire/maven-surefire-plugin/xsd/surefire-test-report.xsd" name="TestSuite" time="26.204" tests="4" errors="0" skipped="0" failures="2">
  <properties>
[...]
</properties>
  <testcase name="runScenario" classname="cucumberOptions.TestNGRunner" time="8.143"/>
  <testcase name="runScenario" classname="cucumberOptions.TestNGRunner" time="7.137">
    <failure message="expected [Beetroot] but found [No data]" type="java.lang.AssertionError">java.lang.AssertionError: expected [Beetroot] but found [No data]
</failure>
    <system-out><![CDATA[
@OffersPage
Scenario Outline: Check the solution for searching a product                      &amp#27;[90m# src/test/java/features/searchProductSolution.feature:13&amp#27;[0m
C:\Users\borja\Desktop\Cucumber with Java\workspace-cucumber\CucumberFramework
C:\Users\borja\Desktop\Cucumber with Java\workspace-cucumber\CucumberFramework
  &amp#27;[32mGiven &amp#27;[0m&amp#27;[32museris on Greencart landing page&amp#27;[0m                                          &amp#27;[90m# stepDefinitions.LandingPageStepDefinitions.user_is_on_greencart_landing_page()&amp#27;[0m
C:\Users\borja\Desktop\Cucumber with Java\workspace-cucumber\CucumberFramework
Beetroot is extracted from Home page
  &amp#27;[32mWhen &amp#27;[0m&amp#27;[32muser searched with shortname &amp#27;[0m&amp#27;[32m&amp#27;[1mBeet&amp#27;[0m&amp#27;[32m and extracted the actual name of product&amp#27;[0m &amp#27;[90m# stepDefinitions.LandingPageStepDefinitions.user_searched_with_shortname_and_extracted_the_actual_name_of_product(java.lang.String)&amp#27;[0m
C:\Users\borja\Desktop\Cucumber with Java\workspace-cucumber\CucumberFramework
  &amp#27;[32mThen &amp#27;[0m&amp#27;[32muser searched for &amp#27;[0m&amp#27;[32m&amp#27;[1mBeet&amp#27;[0m&amp#27;[32m shortname in offers page&amp#27;[0m                            &amp#27;[90m# stepDefinitions.OffersPageStepDefinitions.user_searched_for_same_shortname_in_offers_page(java.lang.String)&amp#27;[0m
C:\Users\borja\Desktop\Cucumber with Java\workspace-cucumber\CucumberFramework
  &amp#27;[31mAnd &amp#27;[0m&amp#27;[31mvalidate product name in offers page matches with Landing page&amp#27;[0m              &amp#27;[90m# stepDefinitions.OffersPageStepDefinitions.validate_product_name_in_offers_page_matches_with_Landing_page()&amp#27;[0m
      &amp#27;[31mjava.lang.AssertionError: expected [Beetroot] but found [No data]
	at org.testng.Assert.fail(Assert.java:110)
	at org.testng.Assert.failNotEquals(Assert.java:1577)
	at org.testng.Assert.assertEqualsImpl(Assert.java:149)
	at org.testng.Assert.assertEquals(Assert.java:131)
	at org.testng.Assert.assertEquals(Assert.java:655)
	at org.testng.Assert.assertEquals(Assert.java:665)
	at stepDefinitions.OffersPageStepDefinitions.validate_product_name_in_offers_page_matches_with_Landing_page(OffersPageStepDefinitions.java:40)
	at âœ½.validate product name in offers page matches with Landing page(file:///C:/Users/borja/Desktop/Cucumber%20with%20Java/workspace-cucumber/CucumberFramework/src/test/java/features/searchProductSolution.feature:8)
&amp#27;[0m
C:\Users\borja\Desktop\Cucumber with Java\workspace-cucumber\CucumberFramework

    Embedding image [image/png 24473 bytes]

C:\Users\borja\Desktop\Cucumber with Java\workspace-cucumber\CucumberFramework
]]></system-out>
    <system-err><![CDATA[Starting ChromeDriver 113.0.5672.63 (0e1a4471d5ae5bf128b1bd8f4d627c8cbd55f70c-refs/branch-heads/5672@{#912}) on port 18953
Only local connections are allowed.
Please see https://chromedriver.chromium.org/security-considerations for suggestions on keeping ChromeDriver safe.
ChromeDriver was started successfully.
jun. 01, 2023 6:48:49 P. M. org.openqa.selenium.devtools.CdpVersionFinder findNearestMatch
WARNING: Unable to find an exact match for CDP version 113, so returning the closest version found: 110
]]></system-err>
  </testcase>
  <testcase name="runScenario" classname="cucumberOptions.TestNGRunnerSolution" time="7.867"/>
  <testcase name="runScenario" classname="cucumberOptions.TestNGRunnerSolution" time="8.32">
    <failure message="expected [Beetroot] but found [No data]" type="java.lang.AssertionError">java.lang.AssertionError: expected [Beetroot] but found [No data]
</failure>
    <system-out><![CDATA[C:\Users\borja\Desktop\Cucumber with Java\workspace-cucumber\CucumberFramework
C:\Users\borja\Desktop\Cucumber with Java\workspace-cucumber\CucumberFramework
C:\Users\borja\Desktop\Cucumber with Java\workspace-cucumber\CucumberFramework
]]></system-out>
  </testcase>
</testsuite>